ARM GAS  C:\Users\cyber\AppData\Local\Temp\ccU97pI9.s 			page 1


   1              		.cpu cortex-m3
   2              		.arch armv7-m
   3              		.fpu softvfp
   4              		.eabi_attribute 20, 1
   5              		.eabi_attribute 21, 1
   6              		.eabi_attribute 23, 3
   7              		.eabi_attribute 24, 1
   8              		.eabi_attribute 25, 1
   9              		.eabi_attribute 26, 1
  10              		.eabi_attribute 30, 1
  11              		.eabi_attribute 34, 1
  12              		.eabi_attribute 18, 4
  13              		.file	"main.c"
  14              		.text
  15              	.Ltext0:
  16              		.cfi_sections	.debug_frame
  17              		.section	.text.Error_Handler,"ax",%progbits
  18              		.align	1
  19              		.global	Error_Handler
  20              		.syntax unified
  21              		.thumb
  22              		.thumb_func
  24              	Error_Handler:
  25              	.LFB67:
  26              		.file 1 "Src/main.c"
   1:Src/main.c    **** /* USER CODE BEGIN Header */
   2:Src/main.c    **** /**
   3:Src/main.c    ****  ******************************************************************************
   4:Src/main.c    ****  * @file           : main.c
   5:Src/main.c    ****  * @brief          : Main program body
   6:Src/main.c    ****  ******************************************************************************
   7:Src/main.c    ****  * @attention
   8:Src/main.c    ****  *
   9:Src/main.c    ****  * Copyright (c) 2022 STMicroelectronics.
  10:Src/main.c    ****  * All rights reserved.
  11:Src/main.c    ****  *
  12:Src/main.c    ****  * This software is licensed under terms that can be found in the LICENSE file
  13:Src/main.c    ****  * in the root directory of this software component.
  14:Src/main.c    ****  * If no LICENSE file comes with this software, it is provided AS-IS.
  15:Src/main.c    ****  *
  16:Src/main.c    ****  ******************************************************************************
  17:Src/main.c    ****  */
  18:Src/main.c    **** /* USER CODE END Header */
  19:Src/main.c    **** /* Includes ------------------------------------------------------------------*/
  20:Src/main.c    **** #include "main.h"
  21:Src/main.c    **** 
  22:Src/main.c    **** /* Private includes ----------------------------------------------------------*/
  23:Src/main.c    **** /* USER CODE BEGIN Includes */
  24:Src/main.c    **** 
  25:Src/main.c    **** /* USER CODE END Includes */
  26:Src/main.c    **** 
  27:Src/main.c    **** /* Private typedef -----------------------------------------------------------*/
  28:Src/main.c    **** /* USER CODE BEGIN PTD */
  29:Src/main.c    **** 
  30:Src/main.c    **** /* USER CODE END PTD */
  31:Src/main.c    **** 
  32:Src/main.c    **** /* Private define ------------------------------------------------------------*/
ARM GAS  C:\Users\cyber\AppData\Local\Temp\ccU97pI9.s 			page 2


  33:Src/main.c    **** /* USER CODE BEGIN PD */
  34:Src/main.c    **** /* USER CODE END PD */
  35:Src/main.c    **** 
  36:Src/main.c    **** /* Private macro -------------------------------------------------------------*/
  37:Src/main.c    **** /* USER CODE BEGIN PM */
  38:Src/main.c    **** 
  39:Src/main.c    **** /* USER CODE END PM */
  40:Src/main.c    **** 
  41:Src/main.c    **** /* Private variables ---------------------------------------------------------*/
  42:Src/main.c    **** 
  43:Src/main.c    **** /* USER CODE BEGIN PV */
  44:Src/main.c    **** 
  45:Src/main.c    **** /* USER CODE END PV */
  46:Src/main.c    **** 
  47:Src/main.c    **** /* Private function prototypes -----------------------------------------------*/
  48:Src/main.c    **** void SystemClock_Config(void);
  49:Src/main.c    **** static void MX_GPIO_Init(void);
  50:Src/main.c    **** static void MX_ADC1_Init(void);
  51:Src/main.c    **** /* USER CODE BEGIN PFP */
  52:Src/main.c    **** 
  53:Src/main.c    **** /* USER CODE END PFP */
  54:Src/main.c    **** 
  55:Src/main.c    **** /* Private user code ---------------------------------------------------------*/
  56:Src/main.c    **** /* USER CODE BEGIN 0 */
  57:Src/main.c    **** 
  58:Src/main.c    **** /* USER CODE END 0 */
  59:Src/main.c    **** 
  60:Src/main.c    **** /**
  61:Src/main.c    ****  * @brief  The application entry point.
  62:Src/main.c    ****  * @retval int
  63:Src/main.c    ****  */
  64:Src/main.c    **** int outra = 0;
  65:Src/main.c    **** int valor = 0;
  66:Src/main.c    **** int x = 0;
  67:Src/main.c    **** 
  68:Src/main.c    **** int main(void)
  69:Src/main.c    **** {
  70:Src/main.c    ****   /* USER CODE BEGIN 1 */
  71:Src/main.c    **** 
  72:Src/main.c    ****   /* USER CODE END 1 */
  73:Src/main.c    **** 
  74:Src/main.c    ****   /* MCU Configuration--------------------------------------------------------*/
  75:Src/main.c    **** 
  76:Src/main.c    ****   /* Reset of all peripherals, Initializes the Flash interface and the Systick. */
  77:Src/main.c    ****   HAL_Init();
  78:Src/main.c    **** 
  79:Src/main.c    ****   /* USER CODE BEGIN Init */
  80:Src/main.c    **** 
  81:Src/main.c    ****   /* USER CODE END Init */
  82:Src/main.c    **** 
  83:Src/main.c    ****   /* Configure the system clock */
  84:Src/main.c    ****   SystemClock_Config();
  85:Src/main.c    **** 
  86:Src/main.c    ****   /* GPIOD Periph clock enable */
  87:Src/main.c    **** 
  88:Src/main.c    ****   /* USER CODE BEGIN SysInit */
  89:Src/main.c    **** 
ARM GAS  C:\Users\cyber\AppData\Local\Temp\ccU97pI9.s 			page 3


  90:Src/main.c    ****   /* USER CODE END SysInit */
  91:Src/main.c    **** 
  92:Src/main.c    ****   /* Initialize all configured peripherals */
  93:Src/main.c    ****   /* USER CODE BEGIN 2 */
  94:Src/main.c    **** 
  95:Src/main.c    ****   /* USER CODE END 2 */
  96:Src/main.c    **** 
  97:Src/main.c    ****   /* Infinite loop */
  98:Src/main.c    ****   /* USER CODE BEGIN WHILE */
  99:Src/main.c    ****   while (1)
 100:Src/main.c    ****   {
 101:Src/main.c    ****     // for (valor = 0; valor < 10; valor++)
 102:Src/main.c    ****     //{
 103:Src/main.c    ****     x++;
 104:Src/main.c    ****     if (x > 8)
 105:Src/main.c    ****     {
 106:Src/main.c    ****       outra = 50;
 107:Src/main.c    ****     }
 108:Src/main.c    ****     else
 109:Src/main.c    ****     {
 110:Src/main.c    ****       outra = 10;
 111:Src/main.c    ****     }
 112:Src/main.c    ****     //}
 113:Src/main.c    **** 
 114:Src/main.c    ****     // HAL_Delay(10);
 115:Src/main.c    ****   }
 116:Src/main.c    ****   /* USER CODE END 3 */
 117:Src/main.c    **** }
 118:Src/main.c    **** 
 119:Src/main.c    **** /**
 120:Src/main.c    ****  * @brief System Clock Configuration
 121:Src/main.c    ****  * @retval None
 122:Src/main.c    ****  */
 123:Src/main.c    **** void SystemClock_Config(void)
 124:Src/main.c    **** {
 125:Src/main.c    ****   RCC_OscInitTypeDef RCC_OscInitStruct = {0};
 126:Src/main.c    ****   RCC_ClkInitTypeDef RCC_ClkInitStruct = {0};
 127:Src/main.c    **** 
 128:Src/main.c    ****   /** Initializes the RCC Oscillators according to the specified parameters
 129:Src/main.c    ****    * in the RCC_OscInitTypeDef structure.
 130:Src/main.c    ****    */
 131:Src/main.c    ****   RCC_OscInitStruct.OscillatorType = RCC_OSCILLATORTYPE_HSI;
 132:Src/main.c    ****   RCC_OscInitStruct.HSIState = RCC_HSI_ON;
 133:Src/main.c    ****   RCC_OscInitStruct.HSICalibrationValue = RCC_HSICALIBRATION_DEFAULT;
 134:Src/main.c    ****   RCC_OscInitStruct.PLL.PLLState = RCC_PLL_NONE;
 135:Src/main.c    ****   if (HAL_RCC_OscConfig(&RCC_OscInitStruct) != HAL_OK)
 136:Src/main.c    ****   {
 137:Src/main.c    ****     Error_Handler();
 138:Src/main.c    ****   }
 139:Src/main.c    **** 
 140:Src/main.c    ****   /** Initializes the CPU, AHB and APB buses clocks
 141:Src/main.c    ****    */
 142:Src/main.c    ****   RCC_ClkInitStruct.ClockType = RCC_CLOCKTYPE_HCLK | RCC_CLOCKTYPE_SYSCLK | RCC_CLOCKTYPE_PCLK1 | R
 143:Src/main.c    ****   RCC_ClkInitStruct.SYSCLKSource = RCC_SYSCLKSOURCE_HSI;
 144:Src/main.c    ****   RCC_ClkInitStruct.AHBCLKDivider = RCC_SYSCLK_DIV1;
 145:Src/main.c    ****   RCC_ClkInitStruct.APB1CLKDivider = RCC_HCLK_DIV1;
 146:Src/main.c    ****   RCC_ClkInitStruct.APB2CLKDivider = RCC_HCLK_DIV1;
ARM GAS  C:\Users\cyber\AppData\Local\Temp\ccU97pI9.s 			page 4


 147:Src/main.c    **** 
 148:Src/main.c    ****   if (HAL_RCC_ClockConfig(&RCC_ClkInitStruct, FLASH_LATENCY_0) != HAL_OK)
 149:Src/main.c    ****   {
 150:Src/main.c    ****     Error_Handler();
 151:Src/main.c    ****   }
 152:Src/main.c    **** }
 153:Src/main.c    **** 
 154:Src/main.c    **** 
 155:Src/main.c    **** 
 156:Src/main.c    **** /* USER CODE BEGIN 4 */
 157:Src/main.c    **** 
 158:Src/main.c    **** /* USER CODE END 4 */
 159:Src/main.c    **** 
 160:Src/main.c    **** /**
 161:Src/main.c    ****  * @brief  This function is executed in case of error occurrence.
 162:Src/main.c    ****  * @retval None
 163:Src/main.c    ****  */
 164:Src/main.c    **** void Error_Handler(void)
 165:Src/main.c    **** {
  27              		.loc 1 165 1 view -0
  28              		.cfi_startproc
  29              		@ Volatile: function does not return.
  30              		@ args = 0, pretend = 0, frame = 0
  31              		@ frame_needed = 0, uses_anonymous_args = 0
  32              		@ link register save eliminated.
 166:Src/main.c    ****   /* USER CODE BEGIN Error_Handler_Debug */
 167:Src/main.c    ****   /* User can add his own implementation to report the HAL error return state */
 168:Src/main.c    ****   __disable_irq();
  33              		.loc 1 168 3 view .LVU1
  34              	.LBB4:
  35              	.LBI4:
  36              		.file 2 "Drivers/CMSIS/Include/cmsis_gcc.h"
   1:Drivers/CMSIS/Include/cmsis_gcc.h **** /**************************************************************************//**
   2:Drivers/CMSIS/Include/cmsis_gcc.h ****  * @file     cmsis_gcc.h
   3:Drivers/CMSIS/Include/cmsis_gcc.h ****  * @brief    CMSIS compiler GCC header file
   4:Drivers/CMSIS/Include/cmsis_gcc.h ****  * @version  V5.0.4
   5:Drivers/CMSIS/Include/cmsis_gcc.h ****  * @date     09. April 2018
   6:Drivers/CMSIS/Include/cmsis_gcc.h ****  ******************************************************************************/
   7:Drivers/CMSIS/Include/cmsis_gcc.h **** /*
   8:Drivers/CMSIS/Include/cmsis_gcc.h ****  * Copyright (c) 2009-2018 Arm Limited. All rights reserved.
   9:Drivers/CMSIS/Include/cmsis_gcc.h ****  *
  10:Drivers/CMSIS/Include/cmsis_gcc.h ****  * SPDX-License-Identifier: Apache-2.0
  11:Drivers/CMSIS/Include/cmsis_gcc.h ****  *
  12:Drivers/CMSIS/Include/cmsis_gcc.h ****  * Licensed under the Apache License, Version 2.0 (the License); you may
  13:Drivers/CMSIS/Include/cmsis_gcc.h ****  * not use this file except in compliance with the License.
  14:Drivers/CMSIS/Include/cmsis_gcc.h ****  * You may obtain a copy of the License at
  15:Drivers/CMSIS/Include/cmsis_gcc.h ****  *
  16:Drivers/CMSIS/Include/cmsis_gcc.h ****  * www.apache.org/licenses/LICENSE-2.0
  17:Drivers/CMSIS/Include/cmsis_gcc.h ****  *
  18:Drivers/CMSIS/Include/cmsis_gcc.h ****  * Unless required by applicable law or agreed to in writing, software
  19:Drivers/CMSIS/Include/cmsis_gcc.h ****  * distributed under the License is distributed on an AS IS BASIS, WITHOUT
  20:Drivers/CMSIS/Include/cmsis_gcc.h ****  * WARRANTIES OR CONDITIONS OF ANY KIND, either express or implied.
  21:Drivers/CMSIS/Include/cmsis_gcc.h ****  * See the License for the specific language governing permissions and
  22:Drivers/CMSIS/Include/cmsis_gcc.h ****  * limitations under the License.
  23:Drivers/CMSIS/Include/cmsis_gcc.h ****  */
  24:Drivers/CMSIS/Include/cmsis_gcc.h **** 
  25:Drivers/CMSIS/Include/cmsis_gcc.h **** #ifndef __CMSIS_GCC_H
ARM GAS  C:\Users\cyber\AppData\Local\Temp\ccU97pI9.s 			page 5


  26:Drivers/CMSIS/Include/cmsis_gcc.h **** #define __CMSIS_GCC_H
  27:Drivers/CMSIS/Include/cmsis_gcc.h **** 
  28:Drivers/CMSIS/Include/cmsis_gcc.h **** /* ignore some GCC warnings */
  29:Drivers/CMSIS/Include/cmsis_gcc.h **** #pragma GCC diagnostic push
  30:Drivers/CMSIS/Include/cmsis_gcc.h **** #pragma GCC diagnostic ignored "-Wsign-conversion"
  31:Drivers/CMSIS/Include/cmsis_gcc.h **** #pragma GCC diagnostic ignored "-Wconversion"
  32:Drivers/CMSIS/Include/cmsis_gcc.h **** #pragma GCC diagnostic ignored "-Wunused-parameter"
  33:Drivers/CMSIS/Include/cmsis_gcc.h **** 
  34:Drivers/CMSIS/Include/cmsis_gcc.h **** /* Fallback for __has_builtin */
  35:Drivers/CMSIS/Include/cmsis_gcc.h **** #ifndef __has_builtin
  36:Drivers/CMSIS/Include/cmsis_gcc.h ****   #define __has_builtin(x) (0)
  37:Drivers/CMSIS/Include/cmsis_gcc.h **** #endif
  38:Drivers/CMSIS/Include/cmsis_gcc.h **** 
  39:Drivers/CMSIS/Include/cmsis_gcc.h **** /* CMSIS compiler specific defines */
  40:Drivers/CMSIS/Include/cmsis_gcc.h **** #ifndef   __ASM
  41:Drivers/CMSIS/Include/cmsis_gcc.h ****   #define __ASM                                  __asm
  42:Drivers/CMSIS/Include/cmsis_gcc.h **** #endif
  43:Drivers/CMSIS/Include/cmsis_gcc.h **** #ifndef   __INLINE
  44:Drivers/CMSIS/Include/cmsis_gcc.h ****   #define __INLINE                               inline
  45:Drivers/CMSIS/Include/cmsis_gcc.h **** #endif
  46:Drivers/CMSIS/Include/cmsis_gcc.h **** #ifndef   __STATIC_INLINE
  47:Drivers/CMSIS/Include/cmsis_gcc.h ****   #define __STATIC_INLINE                        static inline
  48:Drivers/CMSIS/Include/cmsis_gcc.h **** #endif
  49:Drivers/CMSIS/Include/cmsis_gcc.h **** #ifndef   __STATIC_FORCEINLINE                 
  50:Drivers/CMSIS/Include/cmsis_gcc.h ****   #define __STATIC_FORCEINLINE                   __attribute__((always_inline)) static inline
  51:Drivers/CMSIS/Include/cmsis_gcc.h **** #endif                                           
  52:Drivers/CMSIS/Include/cmsis_gcc.h **** #ifndef   __NO_RETURN
  53:Drivers/CMSIS/Include/cmsis_gcc.h ****   #define __NO_RETURN                            __attribute__((__noreturn__))
  54:Drivers/CMSIS/Include/cmsis_gcc.h **** #endif
  55:Drivers/CMSIS/Include/cmsis_gcc.h **** #ifndef   __USED
  56:Drivers/CMSIS/Include/cmsis_gcc.h ****   #define __USED                                 __attribute__((used))
  57:Drivers/CMSIS/Include/cmsis_gcc.h **** #endif
  58:Drivers/CMSIS/Include/cmsis_gcc.h **** #ifndef   __WEAK
  59:Drivers/CMSIS/Include/cmsis_gcc.h ****   #define __WEAK                                 __attribute__((weak))
  60:Drivers/CMSIS/Include/cmsis_gcc.h **** #endif
  61:Drivers/CMSIS/Include/cmsis_gcc.h **** #ifndef   __PACKED
  62:Drivers/CMSIS/Include/cmsis_gcc.h ****   #define __PACKED                               __attribute__((packed, aligned(1)))
  63:Drivers/CMSIS/Include/cmsis_gcc.h **** #endif
  64:Drivers/CMSIS/Include/cmsis_gcc.h **** #ifndef   __PACKED_STRUCT
  65:Drivers/CMSIS/Include/cmsis_gcc.h ****   #define __PACKED_STRUCT                        struct __attribute__((packed, aligned(1)))
  66:Drivers/CMSIS/Include/cmsis_gcc.h **** #endif
  67:Drivers/CMSIS/Include/cmsis_gcc.h **** #ifndef   __PACKED_UNION
  68:Drivers/CMSIS/Include/cmsis_gcc.h ****   #define __PACKED_UNION                         union __attribute__((packed, aligned(1)))
  69:Drivers/CMSIS/Include/cmsis_gcc.h **** #endif
  70:Drivers/CMSIS/Include/cmsis_gcc.h **** #ifndef   __UNALIGNED_UINT32        /* deprecated */
  71:Drivers/CMSIS/Include/cmsis_gcc.h ****   #pragma GCC diagnostic push
  72:Drivers/CMSIS/Include/cmsis_gcc.h ****   #pragma GCC diagnostic ignored "-Wpacked"
  73:Drivers/CMSIS/Include/cmsis_gcc.h ****   #pragma GCC diagnostic ignored "-Wattributes"
  74:Drivers/CMSIS/Include/cmsis_gcc.h ****   struct __attribute__((packed)) T_UINT32 { uint32_t v; };
  75:Drivers/CMSIS/Include/cmsis_gcc.h ****   #pragma GCC diagnostic pop
  76:Drivers/CMSIS/Include/cmsis_gcc.h ****   #define __UNALIGNED_UINT32(x)                  (((struct T_UINT32 *)(x))->v)
  77:Drivers/CMSIS/Include/cmsis_gcc.h **** #endif
  78:Drivers/CMSIS/Include/cmsis_gcc.h **** #ifndef   __UNALIGNED_UINT16_WRITE
  79:Drivers/CMSIS/Include/cmsis_gcc.h ****   #pragma GCC diagnostic push
  80:Drivers/CMSIS/Include/cmsis_gcc.h ****   #pragma GCC diagnostic ignored "-Wpacked"
  81:Drivers/CMSIS/Include/cmsis_gcc.h ****   #pragma GCC diagnostic ignored "-Wattributes"
  82:Drivers/CMSIS/Include/cmsis_gcc.h ****   __PACKED_STRUCT T_UINT16_WRITE { uint16_t v; };
ARM GAS  C:\Users\cyber\AppData\Local\Temp\ccU97pI9.s 			page 6


  83:Drivers/CMSIS/Include/cmsis_gcc.h ****   #pragma GCC diagnostic pop
  84:Drivers/CMSIS/Include/cmsis_gcc.h ****   #define __UNALIGNED_UINT16_WRITE(addr, val)    (void)((((struct T_UINT16_WRITE *)(void *)(addr))-
  85:Drivers/CMSIS/Include/cmsis_gcc.h **** #endif
  86:Drivers/CMSIS/Include/cmsis_gcc.h **** #ifndef   __UNALIGNED_UINT16_READ
  87:Drivers/CMSIS/Include/cmsis_gcc.h ****   #pragma GCC diagnostic push
  88:Drivers/CMSIS/Include/cmsis_gcc.h ****   #pragma GCC diagnostic ignored "-Wpacked"
  89:Drivers/CMSIS/Include/cmsis_gcc.h ****   #pragma GCC diagnostic ignored "-Wattributes"
  90:Drivers/CMSIS/Include/cmsis_gcc.h ****   __PACKED_STRUCT T_UINT16_READ { uint16_t v; };
  91:Drivers/CMSIS/Include/cmsis_gcc.h ****   #pragma GCC diagnostic pop
  92:Drivers/CMSIS/Include/cmsis_gcc.h ****   #define __UNALIGNED_UINT16_READ(addr)          (((const struct T_UINT16_READ *)(const void *)(add
  93:Drivers/CMSIS/Include/cmsis_gcc.h **** #endif
  94:Drivers/CMSIS/Include/cmsis_gcc.h **** #ifndef   __UNALIGNED_UINT32_WRITE
  95:Drivers/CMSIS/Include/cmsis_gcc.h ****   #pragma GCC diagnostic push
  96:Drivers/CMSIS/Include/cmsis_gcc.h ****   #pragma GCC diagnostic ignored "-Wpacked"
  97:Drivers/CMSIS/Include/cmsis_gcc.h ****   #pragma GCC diagnostic ignored "-Wattributes"
  98:Drivers/CMSIS/Include/cmsis_gcc.h ****   __PACKED_STRUCT T_UINT32_WRITE { uint32_t v; };
  99:Drivers/CMSIS/Include/cmsis_gcc.h ****   #pragma GCC diagnostic pop
 100:Drivers/CMSIS/Include/cmsis_gcc.h ****   #define __UNALIGNED_UINT32_WRITE(addr, val)    (void)((((struct T_UINT32_WRITE *)(void *)(addr))-
 101:Drivers/CMSIS/Include/cmsis_gcc.h **** #endif
 102:Drivers/CMSIS/Include/cmsis_gcc.h **** #ifndef   __UNALIGNED_UINT32_READ
 103:Drivers/CMSIS/Include/cmsis_gcc.h ****   #pragma GCC diagnostic push
 104:Drivers/CMSIS/Include/cmsis_gcc.h ****   #pragma GCC diagnostic ignored "-Wpacked"
 105:Drivers/CMSIS/Include/cmsis_gcc.h ****   #pragma GCC diagnostic ignored "-Wattributes"
 106:Drivers/CMSIS/Include/cmsis_gcc.h ****   __PACKED_STRUCT T_UINT32_READ { uint32_t v; };
 107:Drivers/CMSIS/Include/cmsis_gcc.h ****   #pragma GCC diagnostic pop
 108:Drivers/CMSIS/Include/cmsis_gcc.h ****   #define __UNALIGNED_UINT32_READ(addr)          (((const struct T_UINT32_READ *)(const void *)(add
 109:Drivers/CMSIS/Include/cmsis_gcc.h **** #endif
 110:Drivers/CMSIS/Include/cmsis_gcc.h **** #ifndef   __ALIGNED
 111:Drivers/CMSIS/Include/cmsis_gcc.h ****   #define __ALIGNED(x)                           __attribute__((aligned(x)))
 112:Drivers/CMSIS/Include/cmsis_gcc.h **** #endif
 113:Drivers/CMSIS/Include/cmsis_gcc.h **** #ifndef   __RESTRICT
 114:Drivers/CMSIS/Include/cmsis_gcc.h ****   #define __RESTRICT                             __restrict
 115:Drivers/CMSIS/Include/cmsis_gcc.h **** #endif
 116:Drivers/CMSIS/Include/cmsis_gcc.h **** 
 117:Drivers/CMSIS/Include/cmsis_gcc.h **** 
 118:Drivers/CMSIS/Include/cmsis_gcc.h **** /* ###########################  Core Function Access  ########################### */
 119:Drivers/CMSIS/Include/cmsis_gcc.h **** /** \ingroup  CMSIS_Core_FunctionInterface
 120:Drivers/CMSIS/Include/cmsis_gcc.h ****     \defgroup CMSIS_Core_RegAccFunctions CMSIS Core Register Access Functions
 121:Drivers/CMSIS/Include/cmsis_gcc.h ****   @{
 122:Drivers/CMSIS/Include/cmsis_gcc.h ****  */
 123:Drivers/CMSIS/Include/cmsis_gcc.h **** 
 124:Drivers/CMSIS/Include/cmsis_gcc.h **** /**
 125:Drivers/CMSIS/Include/cmsis_gcc.h ****   \brief   Enable IRQ Interrupts
 126:Drivers/CMSIS/Include/cmsis_gcc.h ****   \details Enables IRQ interrupts by clearing the I-bit in the CPSR.
 127:Drivers/CMSIS/Include/cmsis_gcc.h ****            Can only be executed in Privileged modes.
 128:Drivers/CMSIS/Include/cmsis_gcc.h ****  */
 129:Drivers/CMSIS/Include/cmsis_gcc.h **** __STATIC_FORCEINLINE void __enable_irq(void)
 130:Drivers/CMSIS/Include/cmsis_gcc.h **** {
 131:Drivers/CMSIS/Include/cmsis_gcc.h ****   __ASM volatile ("cpsie i" : : : "memory");
 132:Drivers/CMSIS/Include/cmsis_gcc.h **** }
 133:Drivers/CMSIS/Include/cmsis_gcc.h **** 
 134:Drivers/CMSIS/Include/cmsis_gcc.h **** 
 135:Drivers/CMSIS/Include/cmsis_gcc.h **** /**
 136:Drivers/CMSIS/Include/cmsis_gcc.h ****   \brief   Disable IRQ Interrupts
 137:Drivers/CMSIS/Include/cmsis_gcc.h ****   \details Disables IRQ interrupts by setting the I-bit in the CPSR.
 138:Drivers/CMSIS/Include/cmsis_gcc.h ****            Can only be executed in Privileged modes.
 139:Drivers/CMSIS/Include/cmsis_gcc.h ****  */
ARM GAS  C:\Users\cyber\AppData\Local\Temp\ccU97pI9.s 			page 7


 140:Drivers/CMSIS/Include/cmsis_gcc.h **** __STATIC_FORCEINLINE void __disable_irq(void)
  37              		.loc 2 140 27 view .LVU2
  38              	.LBB5:
 141:Drivers/CMSIS/Include/cmsis_gcc.h **** {
 142:Drivers/CMSIS/Include/cmsis_gcc.h ****   __ASM volatile ("cpsid i" : : : "memory");
  39              		.loc 2 142 3 view .LVU3
  40              		.syntax unified
  41              	@ 142 "Drivers/CMSIS/Include/cmsis_gcc.h" 1
  42 0000 72B6     		cpsid i
  43              	@ 0 "" 2
  44              		.thumb
  45              		.syntax unified
  46              	.L2:
  47              	.LBE5:
  48              	.LBE4:
 169:Src/main.c    ****   while (1)
  49              		.loc 1 169 3 discriminator 1 view .LVU4
 170:Src/main.c    ****   {
 171:Src/main.c    ****   }
  50              		.loc 1 171 3 discriminator 1 view .LVU5
 169:Src/main.c    ****   while (1)
  51              		.loc 1 169 9 discriminator 1 view .LVU6
  52 0002 FEE7     		b	.L2
  53              		.cfi_endproc
  54              	.LFE67:
  56              		.section	.text.SystemClock_Config,"ax",%progbits
  57              		.align	1
  58              		.global	SystemClock_Config
  59              		.syntax unified
  60              		.thumb
  61              		.thumb_func
  63              	SystemClock_Config:
  64              	.LFB66:
 124:Src/main.c    ****   RCC_OscInitTypeDef RCC_OscInitStruct = {0};
  65              		.loc 1 124 1 view -0
  66              		.cfi_startproc
  67              		@ args = 0, pretend = 0, frame = 64
  68              		@ frame_needed = 0, uses_anonymous_args = 0
  69 0000 00B5     		push	{lr}
  70              	.LCFI0:
  71              		.cfi_def_cfa_offset 4
  72              		.cfi_offset 14, -4
  73 0002 91B0     		sub	sp, sp, #68
  74              	.LCFI1:
  75              		.cfi_def_cfa_offset 72
 125:Src/main.c    ****   RCC_ClkInitTypeDef RCC_ClkInitStruct = {0};
  76              		.loc 1 125 3 view .LVU8
 125:Src/main.c    ****   RCC_ClkInitTypeDef RCC_ClkInitStruct = {0};
  77              		.loc 1 125 22 is_stmt 0 view .LVU9
  78 0004 2822     		movs	r2, #40
  79 0006 0021     		movs	r1, #0
  80 0008 06A8     		add	r0, sp, #24
  81 000a FFF7FEFF 		bl	memset
  82              	.LVL0:
 126:Src/main.c    **** 
  83              		.loc 1 126 3 is_stmt 1 view .LVU10
 126:Src/main.c    **** 
ARM GAS  C:\Users\cyber\AppData\Local\Temp\ccU97pI9.s 			page 8


  84              		.loc 1 126 22 is_stmt 0 view .LVU11
  85 000e 0023     		movs	r3, #0
  86 0010 0193     		str	r3, [sp, #4]
  87 0012 0293     		str	r3, [sp, #8]
  88 0014 0393     		str	r3, [sp, #12]
  89 0016 0493     		str	r3, [sp, #16]
  90 0018 0593     		str	r3, [sp, #20]
 131:Src/main.c    ****   RCC_OscInitStruct.HSIState = RCC_HSI_ON;
  91              		.loc 1 131 3 is_stmt 1 view .LVU12
 131:Src/main.c    ****   RCC_OscInitStruct.HSIState = RCC_HSI_ON;
  92              		.loc 1 131 36 is_stmt 0 view .LVU13
  93 001a 0223     		movs	r3, #2
  94 001c 0693     		str	r3, [sp, #24]
 132:Src/main.c    ****   RCC_OscInitStruct.HSICalibrationValue = RCC_HSICALIBRATION_DEFAULT;
  95              		.loc 1 132 3 is_stmt 1 view .LVU14
 132:Src/main.c    ****   RCC_OscInitStruct.HSICalibrationValue = RCC_HSICALIBRATION_DEFAULT;
  96              		.loc 1 132 30 is_stmt 0 view .LVU15
  97 001e 0123     		movs	r3, #1
  98 0020 0A93     		str	r3, [sp, #40]
 133:Src/main.c    ****   RCC_OscInitStruct.PLL.PLLState = RCC_PLL_NONE;
  99              		.loc 1 133 3 is_stmt 1 view .LVU16
 133:Src/main.c    ****   RCC_OscInitStruct.PLL.PLLState = RCC_PLL_NONE;
 100              		.loc 1 133 41 is_stmt 0 view .LVU17
 101 0022 1023     		movs	r3, #16
 102 0024 0B93     		str	r3, [sp, #44]
 134:Src/main.c    ****   if (HAL_RCC_OscConfig(&RCC_OscInitStruct) != HAL_OK)
 103              		.loc 1 134 3 is_stmt 1 view .LVU18
 135:Src/main.c    ****   {
 104              		.loc 1 135 3 view .LVU19
 135:Src/main.c    ****   {
 105              		.loc 1 135 7 is_stmt 0 view .LVU20
 106 0026 06A8     		add	r0, sp, #24
 107 0028 FFF7FEFF 		bl	HAL_RCC_OscConfig
 108              	.LVL1:
 135:Src/main.c    ****   {
 109              		.loc 1 135 6 view .LVU21
 110 002c 68B9     		cbnz	r0, .L7
 142:Src/main.c    ****   RCC_ClkInitStruct.SYSCLKSource = RCC_SYSCLKSOURCE_HSI;
 111              		.loc 1 142 3 is_stmt 1 view .LVU22
 142:Src/main.c    ****   RCC_ClkInitStruct.SYSCLKSource = RCC_SYSCLKSOURCE_HSI;
 112              		.loc 1 142 31 is_stmt 0 view .LVU23
 113 002e 0F23     		movs	r3, #15
 114 0030 0193     		str	r3, [sp, #4]
 143:Src/main.c    ****   RCC_ClkInitStruct.AHBCLKDivider = RCC_SYSCLK_DIV1;
 115              		.loc 1 143 3 is_stmt 1 view .LVU24
 143:Src/main.c    ****   RCC_ClkInitStruct.AHBCLKDivider = RCC_SYSCLK_DIV1;
 116              		.loc 1 143 34 is_stmt 0 view .LVU25
 117 0032 0021     		movs	r1, #0
 118 0034 0291     		str	r1, [sp, #8]
 144:Src/main.c    ****   RCC_ClkInitStruct.APB1CLKDivider = RCC_HCLK_DIV1;
 119              		.loc 1 144 3 is_stmt 1 view .LVU26
 144:Src/main.c    ****   RCC_ClkInitStruct.APB1CLKDivider = RCC_HCLK_DIV1;
 120              		.loc 1 144 35 is_stmt 0 view .LVU27
 121 0036 0391     		str	r1, [sp, #12]
 145:Src/main.c    ****   RCC_ClkInitStruct.APB2CLKDivider = RCC_HCLK_DIV1;
 122              		.loc 1 145 3 is_stmt 1 view .LVU28
 145:Src/main.c    ****   RCC_ClkInitStruct.APB2CLKDivider = RCC_HCLK_DIV1;
ARM GAS  C:\Users\cyber\AppData\Local\Temp\ccU97pI9.s 			page 9


 123              		.loc 1 145 36 is_stmt 0 view .LVU29
 124 0038 0491     		str	r1, [sp, #16]
 146:Src/main.c    **** 
 125              		.loc 1 146 3 is_stmt 1 view .LVU30
 146:Src/main.c    **** 
 126              		.loc 1 146 36 is_stmt 0 view .LVU31
 127 003a 0591     		str	r1, [sp, #20]
 148:Src/main.c    ****   {
 128              		.loc 1 148 3 is_stmt 1 view .LVU32
 148:Src/main.c    ****   {
 129              		.loc 1 148 7 is_stmt 0 view .LVU33
 130 003c 01A8     		add	r0, sp, #4
 131 003e FFF7FEFF 		bl	HAL_RCC_ClockConfig
 132              	.LVL2:
 148:Src/main.c    ****   {
 133              		.loc 1 148 6 view .LVU34
 134 0042 20B9     		cbnz	r0, .L8
 152:Src/main.c    **** 
 135              		.loc 1 152 1 view .LVU35
 136 0044 11B0     		add	sp, sp, #68
 137              	.LCFI2:
 138              		.cfi_remember_state
 139              		.cfi_def_cfa_offset 4
 140              		@ sp needed
 141 0046 5DF804FB 		ldr	pc, [sp], #4
 142              	.L7:
 143              	.LCFI3:
 144              		.cfi_restore_state
 137:Src/main.c    ****   }
 145              		.loc 1 137 5 is_stmt 1 view .LVU36
 146 004a FFF7FEFF 		bl	Error_Handler
 147              	.LVL3:
 148              	.L8:
 150:Src/main.c    ****   }
 149              		.loc 1 150 5 view .LVU37
 150 004e FFF7FEFF 		bl	Error_Handler
 151              	.LVL4:
 152              		.cfi_endproc
 153              	.LFE66:
 155              		.section	.text.main,"ax",%progbits
 156              		.align	1
 157              		.global	main
 158              		.syntax unified
 159              		.thumb
 160              		.thumb_func
 162              	main:
 163              	.LFB65:
  69:Src/main.c    ****   /* USER CODE BEGIN 1 */
 164              		.loc 1 69 1 view -0
 165              		.cfi_startproc
 166              		@ Volatile: function does not return.
 167              		@ args = 0, pretend = 0, frame = 0
 168              		@ frame_needed = 0, uses_anonymous_args = 0
 169 0000 08B5     		push	{r3, lr}
 170              	.LCFI4:
 171              		.cfi_def_cfa_offset 8
 172              		.cfi_offset 3, -8
ARM GAS  C:\Users\cyber\AppData\Local\Temp\ccU97pI9.s 			page 10


 173              		.cfi_offset 14, -4
  77:Src/main.c    **** 
 174              		.loc 1 77 3 view .LVU39
 175 0002 FFF7FEFF 		bl	HAL_Init
 176              	.LVL5:
  84:Src/main.c    **** 
 177              		.loc 1 84 3 view .LVU40
 178 0006 FFF7FEFF 		bl	SystemClock_Config
 179              	.LVL6:
 180 000a 02E0     		b	.L10
 181              	.L14:
 106:Src/main.c    ****     }
 182              		.loc 1 106 7 view .LVU41
 106:Src/main.c    ****     }
 183              		.loc 1 106 13 is_stmt 0 view .LVU42
 184 000c 064B     		ldr	r3, .L15
 185 000e 3222     		movs	r2, #50
 186 0010 1A60     		str	r2, [r3]
 187              	.L10:
  99:Src/main.c    ****   {
 188              		.loc 1 99 3 is_stmt 1 view .LVU43
 103:Src/main.c    ****     if (x > 8)
 189              		.loc 1 103 5 view .LVU44
 103:Src/main.c    ****     if (x > 8)
 190              		.loc 1 103 6 is_stmt 0 view .LVU45
 191 0012 064A     		ldr	r2, .L15+4
 192 0014 1368     		ldr	r3, [r2]
 193 0016 0133     		adds	r3, r3, #1
 194 0018 1360     		str	r3, [r2]
 104:Src/main.c    ****     {
 195              		.loc 1 104 5 is_stmt 1 view .LVU46
 104:Src/main.c    ****     {
 196              		.loc 1 104 8 is_stmt 0 view .LVU47
 197 001a 082B     		cmp	r3, #8
 198 001c F6DC     		bgt	.L14
 110:Src/main.c    ****     }
 199              		.loc 1 110 7 is_stmt 1 view .LVU48
 110:Src/main.c    ****     }
 200              		.loc 1 110 13 is_stmt 0 view .LVU49
 201 001e 024B     		ldr	r3, .L15
 202 0020 0A22     		movs	r2, #10
 203 0022 1A60     		str	r2, [r3]
 204 0024 F5E7     		b	.L10
 205              	.L16:
 206 0026 00BF     		.align	2
 207              	.L15:
 208 0028 00000000 		.word	.LANCHOR1
 209 002c 00000000 		.word	.LANCHOR0
 210              		.cfi_endproc
 211              	.LFE65:
 213              		.global	x
 214              		.global	valor
 215              		.global	outra
 216              		.section	.bss.outra,"aw",%nobits
 217              		.align	2
 218              		.set	.LANCHOR1,. + 0
 221              	outra:
ARM GAS  C:\Users\cyber\AppData\Local\Temp\ccU97pI9.s 			page 11


 222 0000 00000000 		.space	4
 223              		.section	.bss.valor,"aw",%nobits
 224              		.align	2
 227              	valor:
 228 0000 00000000 		.space	4
 229              		.section	.bss.x,"aw",%nobits
 230              		.align	2
 231              		.set	.LANCHOR0,. + 0
 234              	x:
 235 0000 00000000 		.space	4
 236              		.text
 237              	.Letext0:
 238              		.file 3 "c:\\toolchains\\gcc-am-none-eabi-9-2019\\arm-none-eabi\\include\\machine\\_default_types.
 239              		.file 4 "c:\\toolchains\\gcc-am-none-eabi-9-2019\\arm-none-eabi\\include\\sys\\_stdint.h"
 240              		.file 5 "Drivers/STM32F1xx_HAL_Driver/Inc/stm32f1xx_hal_def.h"
 241              		.file 6 "Drivers/STM32F1xx_HAL_Driver/Inc/stm32f1xx_hal_rcc.h"
 242              		.file 7 "Drivers/STM32F1xx_HAL_Driver/Inc/stm32f1xx_hal_rcc_ex.h"
 243              		.file 8 "Drivers/STM32F1xx_HAL_Driver/Inc/stm32f1xx_hal.h"
 244              		.file 9 "<built-in>"
ARM GAS  C:\Users\cyber\AppData\Local\Temp\ccU97pI9.s 			page 12


DEFINED SYMBOLS
                            *ABS*:00000000 main.c
C:\Users\cyber\AppData\Local\Temp\ccU97pI9.s:18     .text.Error_Handler:00000000 $t
C:\Users\cyber\AppData\Local\Temp\ccU97pI9.s:24     .text.Error_Handler:00000000 Error_Handler
C:\Users\cyber\AppData\Local\Temp\ccU97pI9.s:57     .text.SystemClock_Config:00000000 $t
C:\Users\cyber\AppData\Local\Temp\ccU97pI9.s:63     .text.SystemClock_Config:00000000 SystemClock_Config
C:\Users\cyber\AppData\Local\Temp\ccU97pI9.s:156    .text.main:00000000 $t
C:\Users\cyber\AppData\Local\Temp\ccU97pI9.s:162    .text.main:00000000 main
C:\Users\cyber\AppData\Local\Temp\ccU97pI9.s:208    .text.main:00000028 $d
C:\Users\cyber\AppData\Local\Temp\ccU97pI9.s:234    .bss.x:00000000 x
C:\Users\cyber\AppData\Local\Temp\ccU97pI9.s:227    .bss.valor:00000000 valor
C:\Users\cyber\AppData\Local\Temp\ccU97pI9.s:221    .bss.outra:00000000 outra
C:\Users\cyber\AppData\Local\Temp\ccU97pI9.s:217    .bss.outra:00000000 $d
C:\Users\cyber\AppData\Local\Temp\ccU97pI9.s:224    .bss.valor:00000000 $d
C:\Users\cyber\AppData\Local\Temp\ccU97pI9.s:230    .bss.x:00000000 $d

UNDEFINED SYMBOLS
memset
HAL_RCC_OscConfig
HAL_RCC_ClockConfig
HAL_Init
